2001.09.20 15:36 B C:\!!!!PROGETTO\images\windows\base.gif --> sandro.hispeed.com /progetto/images/windows base.gif
2001.09.20 15:36 B C:\!!!!PROGETTO\images\windows\base.jpg --> sandro.hispeed.com /progetto/images/windows base.jpg
2001.09.20 15:36 B C:\!!!!PROGETTO\images\windows\buy.gif --> sandro.hispeed.com /progetto/images/windows buy.gif
2001.09.20 15:36 B C:\!!!!PROGETTO\images\windows\close.gif --> sandro.hispeed.com /progetto/images/windows close.gif
2001.09.20 15:36 B C:\!!!!PROGETTO\images\windows\help.gif --> sandro.hispeed.com /progetto/images/windows help.gif
2001.09.20 15:36 B C:\!!!!PROGETTO\images\windows\imageiio.pe4 --> sandro.hispeed.com /progetto/images/windows imageiio.pe4
2001.09.20 15:36 B C:\!!!!PROGETTO\images\windows\imaginfo.pe4 --> sandro.hispeed.com /progetto/images/windows imaginfo.pe4
2001.09.20 15:36 B C:\!!!!PROGETTO\images\windows\listen.gif --> sandro.hispeed.com /progetto/images/windows listen.gif
2001.09.20 15:36 B C:\!!!!PROGETTO\images\windows\littlemen.gif --> sandro.hispeed.com /progetto/images/windows littlemen.gif
2001.09.20 15:36 B C:\!!!!PROGETTO\images\windows\minimize.gif --> sandro.hispeed.com /progetto/images/windows minimize.gif
2001.09.20 15:36 B C:\!!!!PROGETTO\images\windows\save.gif --> sandro.hispeed.com /progetto/images/windows save.gif
2001.09.20 18:14 B C:\!!!!PROGETTO\images\windows\imageiio.pe4 --> sandro.hispeed.com /progetto/images/windows imageiio.pe4
2001.09.20 18:14 B C:\!!!!PROGETTO\images\windows\imaginfo.pe4 --> sandro.hispeed.com /progetto/images/windows imaginfo.pe4
2001.09.20 18:14 B C:\!!!!PROGETTO\images\windows\littlemen.gif --> sandro.hispeed.com /progetto/images/windows littlemen.gif
2001.09.20 18:14 B C:\!!!!PROGETTO\images\windows\WS_FTP.LOG --> sandro.hispeed.com /progetto/images/windows WS_FTP.LOG
2001.09.21 17:19 B C:\!!!!PROGETTO\images\windows\imageiio.pe4 --> sandro.hispeed.com /progetto/images/windows imageiio.pe4
2001.09.21 17:19 B C:\!!!!PROGETTO\images\windows\imaginfo.pe4 --> sandro.hispeed.com /progetto/images/windows imaginfo.pe4
2001.09.21 17:19 B C:\!!!!PROGETTO\images\windows\littlemen.gif --> sandro.hispeed.com /progetto/images/windows littlemen.gif
2001.09.21 17:19 B C:\!!!!PROGETTO\images\windows\WS_FTP.LOG --> sandro.hispeed.com /progetto/images/windows WS_FTP.LOG
2001.09.24 12:50 B C:\!!!!PROGETTO\images\windows\base.gif --> sandro.hispeed.com /progetto/images/windows base.gif
2001.09.24 12:50 B C:\!!!!PROGETTO\images\windows\base.jpg --> sandro.hispeed.com /progetto/images/windows base.jpg
2001.09.24 12:50 B C:\!!!!PROGETTO\images\windows\buy.gif --> sandro.hispeed.com /progetto/images/windows buy.gif
2001.09.24 12:50 B C:\!!!!PROGETTO\images\windows\close.gif --> sandro.hispeed.com /progetto/images/windows close.gif
2001.09.24 12:50 B C:\!!!!PROGETTO\images\windows\help.gif --> sandro.hispeed.com /progetto/images/windows help.gif
2001.09.24 12:50 B C:\!!!!PROGETTO\images\windows\imageiio.pe4 --> sandro.hispeed.com /progetto/images/windows imageiio.pe4
2001.09.24 12:50 B C:\!!!!PROGETTO\images\windows\imaginfo.pe4 --> sandro.hispeed.com /progetto/images/windows imaginfo.pe4
2001.09.24 12:50 B C:\!!!!PROGETTO\images\windows\listen.gif --> sandro.hispeed.com /progetto/images/windows listen.gif
2001.09.24 12:50 B C:\!!!!PROGETTO\images\windows\littlemen.gif --> sandro.hispeed.com /progetto/images/windows littlemen.gif
2001.09.24 12:50 B C:\!!!!PROGETTO\images\windows\minimize.gif --> sandro.hispeed.com /progetto/images/windows minimize.gif
2001.09.24 12:50 B C:\!!!!PROGETTO\images\windows\save.gif --> sandro.hispeed.com /progetto/images/windows save.gif
2001.09.24 12:50 B C:\!!!!PROGETTO\images\windows\WS_FTP.LOG --> sandro.hispeed.com /progetto/images/windows WS_FTP.LOG
2001.09.26 12:05 B C:\!!!!PROGETTO\images\windows\WS_FTP.LOG --> sandro.hispeed.com /progetto/images/windows WS_FTP.LOG
